\BOOKMARK [0][-]{part.1}{\376\377\000I\000\040\000N\000u\000m\000e\000r\000i\000c\000a\000l\000\040\000A\000n\000a\000l\000y\000s\000i\000s}{}% 1
\BOOKMARK [1][-]{section.1}{\376\377\000R\000o\000o\000t\000f\000i\000n\000d\000i\000n\000g}{part.1}% 2
\BOOKMARK [1][-]{section.2}{\376\377\000F\000a\000c\000t\000o\000r\000i\000z\000a\000t\000i\000o\000n\000s}{part.1}% 3
\BOOKMARK [1][-]{section.3}{\376\377\000E\000i\000g\000e\000n\000v\000a\000l\000u\000e\000\040\000C\000o\000m\000p\000u\000t\000a\000t\000i\000o\000n}{part.1}% 4
\BOOKMARK [1][-]{section.4}{\376\377\000E\000x\000p\000l\000o\000i\000t\000i\000n\000g\000\040\000S\000p\000a\000r\000s\000i\000t\000y}{part.1}% 5
\BOOKMARK [1][-]{section.5}{\376\377\000I\000n\000t\000e\000r\000p\000o\000l\000a\000t\000i\000o\000n\000\040\000a\000n\000d\000\040\000Q\000u\000a\000d\000r\000a\000t\000u\000r\000e}{part.1}% 6
\BOOKMARK [0][-]{part.2}{\376\377\000I\000I\000\040\000N\000o\000n\000c\000o\000n\000v\000e\000x\000\040\000O\000p\000t\000i\000m\000i\000z\000a\000t\000i\000o\000n}{}% 7
\BOOKMARK [1][-]{section.6}{\376\377\000U\000n\000c\000o\000n\000s\000t\000r\000a\000i\000n\000e\000d\000\040\000O\000p\000t\000i\000m\000i\000z\000a\000t\000i\000o\000n}{part.2}% 8
\BOOKMARK [1][-]{section.7}{\376\377\000L\000i\000n\000e\000-\000S\000e\000a\000r\000c\000h\000\040\000M\000e\000t\000h\000o\000d\000s}{part.2}% 9
\BOOKMARK [1][-]{section.8}{\376\377\000T\000r\000u\000s\000t\000-\000R\000e\000g\000i\000o\000n\000\040\000M\000e\000t\000h\000o\000d\000s}{part.2}% 10
\BOOKMARK [1][-]{section.9}{\376\377\000O\000p\000t\000i\000m\000i\000z\000e\000r\000s\000\040\000f\000o\000r\000\040\000D\000e\000e\000p\000\040\000L\000e\000a\000r\000n\000i\000n\000g}{part.2}% 11
\BOOKMARK [2][-]{subsection.9.1}{\376\377\000G\000r\000a\000d\000i\000e\000n\000t\000\040\000D\000e\000s\000c\000e\000n\000t}{section.9}% 12
\BOOKMARK [2][-]{subsection.9.2}{\376\377\000M\000o\000m\000e\000n\000t\000u\000m}{section.9}% 13
\BOOKMARK [0][-]{part.3}{\376\377\000I\000I\000I\000\040\000C\000o\000n\000v\000e\000x\000\040\000O\000p\000t\000i\000m\000i\000z\000a\000t\000i\000o\000n}{}% 14
\BOOKMARK [1][-]{section.10}{\376\377\000L\000i\000n\000e\000a\000r\000\040\000P\000r\000o\000g\000r\000a\000m\000m\000i\000n\000g}{part.3}% 15
\BOOKMARK [1][-]{section.11}{\376\377\000C\000o\000n\000v\000e\000x\000\040\000P\000r\000o\000g\000r\000a\000m\000m\000i\000n\000g}{part.3}% 16
\BOOKMARK [1][-]{section.12}{\376\377\000S\000e\000m\000i\000d\000e\000f\000i\000n\000i\000t\000e\000\040\000O\000p\000t\000i\000m\000i\000z\000a\000t\000i\000o\000n}{part.3}% 17
\BOOKMARK [1][-]{section.13}{\376\377\000O\000n\000l\000i\000n\000e\000\040\000C\000o\000n\000v\000e\000x\000\040\000O\000p\000t\000i\000m\000i\000z\000a\000t\000i\000o\000n}{part.3}% 18
\BOOKMARK [2][-]{subsection.13.1}{\376\377\000P\000r\000e\000d\000i\000c\000t\000i\000o\000n\000\040\000f\000r\000o\000m\000\040\000E\000x\000p\000e\000r\000t\000\040\000A\000d\000v\000i\000c\000e}{section.13}% 19
\BOOKMARK [1][-]{section.14}{\376\377\000D\000y\000n\000a\000m\000i\000c\000a\000l\000\040\000S\000y\000s\000t\000e\000m\000s}{part.3}% 20
\BOOKMARK [0][-]{part.4}{\376\377\000I\000V\000\040\000R\000e\000i\000n\000f\000o\000r\000c\000e\000m\000e\000n\000t\000\040\000L\000e\000a\000r\000n\000i\000n\000g}{}% 21
\BOOKMARK [1][-]{section.15}{\376\377\000O\000p\000t\000i\000m\000a\000l\000\040\000C\000o\000n\000t\000r\000o\000l}{part.4}% 22
\BOOKMARK [2][-]{subsection.15.1}{\376\377\000B\000e\000l\000l\000m\000a\000n\000\040\000E\000q\000u\000a\000t\000i\000o\000n\000s}{section.15}% 23
\BOOKMARK [1][-]{section.16}{\376\377\000V\000a\000l\000u\000e\000\040\000L\000e\000a\000r\000n\000i\000n\000g}{part.4}% 24
\BOOKMARK [2][-]{subsection.16.1}{\376\377\000T\000D\000-\000L\000e\000a\000r\000n\000i\000n\000g}{section.16}% 25
\BOOKMARK [2][-]{subsection.16.2}{\376\377\000S\000A\000R\000S\000A\000\040\000a\000n\000d\000\040\000Q\000-\000L\000e\000a\000r\000n\000i\000n\000g}{section.16}% 26
\BOOKMARK [1][-]{section.17}{\376\377\000P\000o\000l\000i\000c\000y\000\040\000O\000p\000t\000i\000m\000i\000z\000a\000t\000i\000o\000n}{part.4}% 27
\BOOKMARK [2][-]{subsection.17.1}{\376\377\000R\000E\000I\000N\000F\000O\000R\000C\000E}{section.17}% 28
\BOOKMARK [2][-]{subsection.17.2}{\376\377\000N\000a\000t\000u\000r\000a\000l\000\040\000P\000o\000l\000i\000c\000y\000\040\000G\000r\000a\000d\000i\000e\000n\000t\000s}{section.17}% 29
\BOOKMARK [2][-]{subsection.17.3}{\376\377\000C\000o\000n\000s\000e\000r\000v\000a\000t\000i\000v\000e\000\040\000P\000o\000l\000i\000c\000y\000\040\000I\000t\000e\000r\000a\000t\000i\000o\000n}{section.17}% 30
\BOOKMARK [2][-]{subsection.17.4}{\376\377\000T\000r\000u\000s\000t\000-\000R\000e\000g\000i\000o\000n\000\040\000P\000o\000l\000i\000c\000y\000\040\000O\000p\000t\000i\000m\000i\000z\000a\000t\000i\000o\000n}{section.17}% 31
\BOOKMARK [2][-]{subsection.17.5}{\376\377\000P\000r\000o\000x\000i\000m\000a\000l\000\040\000P\000o\000l\000i\000c\000y\000\040\000O\000p\000t\000i\000m\000i\000z\000a\000t\000i\000o\000n}{section.17}% 32
\BOOKMARK [2][-]{subsection.17.6}{\376\377\000G\000r\000o\000u\000p\000-\000R\000e\000l\000a\000t\000i\000v\000e\000\040\000P\000o\000l\000i\000c\000y\000\040\000O\000p\000t\000i\000m\000i\000z\000a\000t\000i\000o\000n}{section.17}% 33
\BOOKMARK [1][-]{section.18}{\376\377\000A\000c\000t\000o\000r\000-\000C\000r\000i\000t\000i\000c\000\040\000M\000e\000t\000h\000o\000d\000s}{part.4}% 34
\BOOKMARK [2][-]{subsection.18.1}{\376\377\000D\000e\000t\000e\000r\000m\000i\000n\000s\000t\000i\000c\000\040\000P\000o\000l\000i\000c\000y\000\040\000G\000r\000a\000d\000i\000e\000n\000t\000s}{section.18}% 35
\BOOKMARK [2][-]{subsection.18.2}{\376\377\000S\000o\000f\000t\000\040\000A\000c\000t\000o\000r\000-\000C\000r\000i\000t\000i\000c}{section.18}% 36
\BOOKMARK [1][-]{section.19}{\376\377\000G\000o\000a\000l\000-\000C\000o\000n\000d\000i\000t\000i\000o\000n\000i\000n\000g}{part.4}% 37
\BOOKMARK [2][-]{subsection.19.1}{\376\377\000U\000n\000i\000v\000e\000r\000s\000a\000l\000\040\000V\000a\000l\000u\000e\000\040\000F\000u\000n\000c\000t\000i\000o\000n\000\040\000A\000p\000p\000r\000o\000x\000i\000m\000a\000t\000o\000r\000s}{section.19}% 38
\BOOKMARK [2][-]{subsection.19.2}{\376\377\000H\000i\000n\000d\000s\000i\000g\000h\000t\000\040\000E\000x\000p\000e\000r\000i\000e\000n\000c\000e\000\040\000R\000e\000p\000l\000a\000y}{section.19}% 39
\BOOKMARK [2][-]{subsection.19.3}{\376\377\000C\000o\000n\000t\000r\000a\000s\000t\000i\000v\000e\000\040\000R\000e\000i\000n\000f\000o\000r\000c\000e\000m\000e\000n\000t\000\040\000L\000e\000a\000r\000n\000i\000n\000g}{section.19}% 40
\BOOKMARK [1][-]{section.20}{\376\377\000U\000n\000s\000u\000p\000e\000r\000v\000i\000s\000e\000d\000\040\000S\000k\000i\000l\000l\000\040\000D\000i\000s\000c\000o\000v\000e\000r\000y}{part.4}% 41
\BOOKMARK [2][-]{subsection.20.1}{\376\377\000N\000o\000i\000s\000e\000-\000C\000o\000n\000t\000r\000a\000s\000t\000i\000v\000e\000\040\000E\000s\000t\000i\000m\000a\000t\000i\000o\000n}{section.20}% 42
\BOOKMARK [2][-]{subsection.20.2}{\376\377\000C\000o\000n\000t\000r\000a\000s\000t\000i\000v\000e\000\040\000P\000r\000e\000d\000i\000c\000t\000i\000v\000e\000\040\000C\000o\000d\000i\000n\000g}{section.20}% 43
\BOOKMARK [1][-]{section.21}{\376\377\000C\000o\000n\000t\000r\000a\000s\000t\000i\000v\000e\000\040\000R\000e\000i\000n\000f\000o\000r\000c\000e\000m\000e\000n\000t\000\040\000L\000e\000a\000r\000n\000i\000n\000g}{part.4}% 44
\BOOKMARK [2][-]{subsection.21.1}{\376\377\000C\000o\000n\000t\000r\000a\000s\000t\000i\000v\000e\000\040\000L\000e\000a\000r\000n\000i\000n\000g}{section.21}% 45
\BOOKMARK [2][-]{subsection.21.2}{\376\377\000C\000U\000R\000L\000:\000\040\000C\000o\000n\000t\000r\000a\000s\000t\000i\000v\000e\000\040\000R\000e\000p\000r\000e\000s\000e\000n\000t\000a\000t\000i\000o\000n\000\040\000L\000e\000a\000r\000n\000i\000n\000g\000\040\000f\000o\000r\000\040\000R\000L}{section.21}% 46
\BOOKMARK [2][-]{subsection.21.3}{\376\377\000M\000u\000t\000u\000a\000l\000\040\000I\000n\000f\000o\000r\000m\000a\000t\000i\000o\000n\000\040\000a\000s\000\040\000a\000n\000\040\000I\000n\000t\000r\000i\000n\000s\000i\000c\000\040\000R\000e\000w\000a\000r\000d}{section.21}% 47
\BOOKMARK [2][-]{subsection.21.4}{\376\377\000D\000i\000v\000e\000r\000s\000i\000t\000y\000\040\000i\000s\000\040\000A\000l\000l\000\040\000Y\000o\000u\000\040\000N\000e\000e\000d\000\040\000\050\000D\000I\000A\000Y\000N\000\051}{section.21}% 48
\BOOKMARK [2][-]{subsection.21.5}{\376\377\000M\000u\000t\000u\000a\000l\000\040\000I\000n\000f\000o\000r\000m\000a\000t\000i\000o\000n\000\040\000S\000k\000i\000l\000l\000\040\000L\000e\000a\000r\000n\000i\000n\000g\000\040\000\050\000M\000I\000S\000L\000\051}{section.21}% 49
\BOOKMARK [2][-]{subsection.21.6}{\376\377\000C\000o\000n\000t\000r\000a\000s\000t\000i\000v\000e\000\040\000I\000n\000t\000r\000i\000n\000s\000i\000c\000\040\000C\000o\000n\000t\000r\000o\000l\000\040\000\050\000C\000I\000C\000\051}{section.21}% 50
\BOOKMARK [2][-]{subsection.21.7}{\376\377\000C\000o\000n\000t\000r\000a\000s\000t\000i\000v\000e\000\040\000R\000L\000\040\000a\000s\000\040\000G\000o\000a\000l\000-\000C\000o\000n\000d\000i\000t\000i\000o\000n\000e\000d\000\040\000R\000L}{section.21}% 51
\BOOKMARK [2][-]{subsection.21.8}{\376\377\000G\000o\000a\000l\000-\000C\000o\000n\000d\000i\000t\000i\000o\000n\000e\000d\000\040\000R\000e\000i\000n\000f\000o\000r\000c\000e\000m\000e\000n\000t\000\040\000L\000e\000a\000r\000n\000i\000n\000g}{section.21}% 52
\BOOKMARK [3][-]{subsubsection.21.8.1}{\376\377\000T\000h\000e\000\040\000S\000p\000a\000r\000s\000e\000\040\000R\000e\000w\000a\000r\000d\000\040\000P\000r\000o\000b\000l\000e\000m\000\040\000a\000n\000d\000\040\000H\000i\000n\000d\000s\000i\000g\000h\000t\000\040\000E\000x\000p\000e\000r\000i\000e\000n\000c\000e\000\040\000R\000e\000p\000l\000a\000y}{subsection.21.8}% 53
\BOOKMARK [3][-]{subsubsection.21.8.2}{\376\377\000G\000o\000a\000l\000\040\000R\000e\000p\000r\000e\000s\000e\000n\000t\000a\000t\000i\000o\000n\000s}{subsection.21.8}% 54
\BOOKMARK [3][-]{subsubsection.21.8.3}{\376\377\000S\000u\000b\000-\000G\000o\000a\000l\000\040\000G\000e\000n\000e\000r\000a\000t\000i\000o\000n\000\040\000a\000n\000d\000\040\000C\000u\000r\000r\000i\000c\000u\000l\000u\000m\000\040\000L\000e\000a\000r\000n\000i\000n\000g}{subsection.21.8}% 55
\BOOKMARK [3][-]{subsubsection.21.8.4}{\376\377\000S\000y\000n\000t\000h\000e\000s\000i\000s\000:\000\040\000G\000C\000R\000L\000\040\000a\000s\000\040\000a\000\040\000U\000n\000i\000f\000y\000i\000n\000g\000\040\000L\000e\000n\000s}{subsection.21.8}% 56
\BOOKMARK [2][-]{subsection.21.9}{\376\377\000C\000o\000n\000t\000r\000a\000s\000t\000i\000v\000e\000\040\000R\000e\000p\000r\000e\000s\000e\000n\000t\000a\000t\000i\000o\000n\000s\000\040\000f\000o\000r\000\040\000T\000e\000m\000p\000o\000r\000a\000l\000\040\000R\000e\000a\000s\000o\000n\000i\000n\000g}{section.21}% 57
\BOOKMARK [2][-]{subsection.21.10}{\376\377\000S\000u\000m\000m\000a\000r\000y\000\040\000a\000n\000d\000\040\000C\000o\000n\000n\000e\000c\000t\000i\000o\000n\000s}{section.21}% 58
